{"/Users/malle_skola/Desktop/testning/src/App.tsx": {"path":"/Users/malle_skola/Desktop/testning/src/App.tsx","statementMap":{"0":{"start":{"line":13,"column":28},"end":{"line":13,"column":null}},"1":{"start":{"line":14,"column":40},"end":{"line":14,"column":null}},"2":{"start":{"line":16,"column":23},"end":{"line":19,"column":null}},"3":{"start":{"line":17,"column":4},"end":{"line":17,"column":null}},"4":{"start":{"line":17,"column":28},"end":{"line":17,"column":null}},"5":{"start":{"line":18,"column":4},"end":{"line":18,"column":null}},"6":{"start":{"line":21,"column":20},"end":{"line":28,"column":null}},"7":{"start":{"line":22,"column":4},"end":{"line":24,"column":null}},"8":{"start":{"line":23,"column":6},"end":{"line":24,"column":null}},"9":{"start":{"line":24,"column":8},"end":{"line":24,"column":null}},"10":{"start":{"line":27,"column":4},"end":{"line":27,"column":null}},"11":{"start":{"line":49,"column":10},"end":{"line":57,"column":null}},"12":{"start":{"line":50,"column":12},"end":{"line":54,"column":null}},"13":{"start":{"line":51,"column":14},"end":{"line":54,"column":null}},"14":{"start":{"line":52,"column":16},"end":{"line":54,"column":null}}},"fnMap":{"0":{"name":"App","decl":{"start":{"line":12,"column":9},"end":{"line":12,"column":null}},"loc":{"start":{"line":12,"column":9},"end":{"line":64,"column":null}}},"1":{"name":"(anonymous_1)","decl":{"start":{"line":16,"column":23},"end":{"line":16,"column":24}},"loc":{"start":{"line":16,"column":24},"end":{"line":19,"column":null}}},"2":{"name":"(anonymous_2)","decl":{"start":{"line":17,"column":13},"end":{"line":17,"column":14}},"loc":{"start":{"line":17,"column":28},"end":{"line":17,"column":null}}},"3":{"name":"(anonymous_3)","decl":{"start":{"line":21,"column":20},"end":{"line":21,"column":null}},"loc":{"start":{"line":21,"column":20},"end":{"line":28,"column":null}}},"4":{"name":"(anonymous_4)","decl":{"start":{"line":22,"column":13},"end":{"line":22,"column":14}},"loc":{"start":{"line":23,"column":6},"end":{"line":24,"column":null}}},"5":{"name":"(anonymous_5)","decl":{"start":{"line":23,"column":20},"end":{"line":23,"column":21}},"loc":{"start":{"line":24,"column":8},"end":{"line":24,"column":null}}},"6":{"name":"(anonymous_7)","decl":{"start":{"line":48,"column":17},"end":{"line":48,"column":null}},"loc":{"start":{"line":48,"column":17},"end":{"line":58,"column":null}}},"7":{"name":"(anonymous_8)","decl":{"start":{"line":50,"column":21},"end":{"line":50,"column":22}},"loc":{"start":{"line":51,"column":14},"end":{"line":54,"column":null}}},"8":{"name":"(anonymous_9)","decl":{"start":{"line":51,"column":28},"end":{"line":51,"column":29}},"loc":{"start":{"line":52,"column":16},"end":{"line":54,"column":null}}}},"branchMap":{"0":{"loc":{"start":{"line":24,"column":8},"end":{"line":24,"column":null}},"type":"cond-expr","locations":[{"start":{"line":24,"column":36},"end":{"line":24,"column":73}},{"start":{"line":24,"column":73},"end":{"line":24,"column":null}}]},"1":{"loc":{"start":{"line":49,"column":10},"end":{"line":57,"column":null}},"type":"if","locations":[{"start":{"line":49,"column":10},"end":{"line":57,"column":null}},{"start":{},"end":{}}]},"2":{"loc":{"start":{"line":52,"column":16},"end":{"line":54,"column":null}},"type":"cond-expr","locations":[{"start":{"line":53,"column":20},"end":{"line":53,"column":null}},{"start":{"line":54,"column":20},"end":{"line":54,"column":null}}]}},"s":{"0":5,"1":5,"2":5,"3":1,"4":1,"5":1,"6":5,"7":1,"8":1,"9":1,"10":1,"11":2,"12":2,"13":2,"14":2},"f":{"0":5,"1":1,"2":1,"3":1,"4":1,"5":1,"6":2,"7":2,"8":2},"b":{"0":[1,0],"1":[2,0],"2":[2,0]}}
,"/Users/malle_skola/Desktop/testning/src/components/CountButton.tsx": {"path":"/Users/malle_skola/Desktop/testning/src/components/CountButton.tsx","statementMap":{"0":{"start":{"line":6,"column":31},"end":{"line":15,"column":null}}},"fnMap":{"0":{"name":"(anonymous_0)","decl":{"start":{"line":6,"column":31},"end":{"line":6,"column":32}},"loc":{"start":{"line":6,"column":43},"end":{"line":15,"column":null}}}},"branchMap":{},"s":{"0":1},"f":{"0":5},"b":{}}
,"/Users/malle_skola/Desktop/testning/src/components/EndButton.tsx": {"path":"/Users/malle_skola/Desktop/testning/src/components/EndButton.tsx","statementMap":{"0":{"start":{"line":7,"column":29},"end":{"line":13,"column":null}}},"fnMap":{"0":{"name":"(anonymous_0)","decl":{"start":{"line":7,"column":29},"end":{"line":7,"column":30}},"loc":{"start":{"line":7,"column":39},"end":{"line":13,"column":null}}}},"branchMap":{},"s":{"0":1},"f":{"0":5},"b":{}}
,"/Users/malle_skola/Desktop/testning/src/components/TodoForm.tsx": {"path":"/Users/malle_skola/Desktop/testning/src/components/TodoForm.tsx","statementMap":{"0":{"start":{"line":8,"column":26},"end":{"line":8,"column":null}},"1":{"start":{"line":10,"column":23},"end":{"line":14,"column":null}},"2":{"start":{"line":11,"column":4},"end":{"line":11,"column":null}},"3":{"start":{"line":12,"column":4},"end":{"line":12,"column":null}},"4":{"start":{"line":13,"column":4},"end":{"line":13,"column":null}},"5":{"start":{"line":23,"column":27},"end":{"line":23,"column":null}}},"fnMap":{"0":{"name":"TodoForm","decl":{"start":{"line":7,"column":24},"end":{"line":7,"column":33}},"loc":{"start":{"line":7,"column":45},"end":{"line":30,"column":null}}},"1":{"name":"(anonymous_1)","decl":{"start":{"line":10,"column":23},"end":{"line":10,"column":24}},"loc":{"start":{"line":10,"column":24},"end":{"line":14,"column":null}}},"2":{"name":"(anonymous_2)","decl":{"start":{"line":23,"column":20},"end":{"line":23,"column":21}},"loc":{"start":{"line":23,"column":27},"end":{"line":23,"column":null}}}},"branchMap":{},"s":{"0":7,"1":7,"2":1,"3":1,"4":1,"5":1},"f":{"0":7,"1":1,"2":1},"b":{}}
}
