{"/Users/malle_skola/Desktop/testning-main/src/App.tsx": {"path":"/Users/malle_skola/Desktop/testning-main/src/App.tsx","statementMap":{"0":{"start":{"line":13,"column":28},"end":{"line":13,"column":null}},"1":{"start":{"line":14,"column":40},"end":{"line":14,"column":null}},"2":{"start":{"line":16,"column":23},"end":{"line":19,"column":null}},"3":{"start":{"line":17,"column":4},"end":{"line":17,"column":null}},"4":{"start":{"line":17,"column":28},"end":{"line":17,"column":null}},"5":{"start":{"line":18,"column":4},"end":{"line":18,"column":null}},"6":{"start":{"line":21,"column":20},"end":{"line":23,"column":null}},"7":{"start":{"line":22,"column":4},"end":{"line":22,"column":null}},"8":{"start":{"line":54,"column":12},"end":{"line":62,"column":null}},"9":{"start":{"line":55,"column":14},"end":{"line":59,"column":null}},"10":{"start":{"line":56,"column":16},"end":{"line":59,"column":null}},"11":{"start":{"line":57,"column":18},"end":{"line":59,"column":null}}},"fnMap":{"0":{"name":"App","decl":{"start":{"line":12,"column":9},"end":{"line":12,"column":null}},"loc":{"start":{"line":12,"column":9},"end":{"line":70,"column":null}}},"1":{"name":"(anonymous_1)","decl":{"start":{"line":16,"column":23},"end":{"line":16,"column":24}},"loc":{"start":{"line":16,"column":24},"end":{"line":19,"column":null}}},"2":{"name":"(anonymous_2)","decl":{"start":{"line":17,"column":13},"end":{"line":17,"column":14}},"loc":{"start":{"line":17,"column":28},"end":{"line":17,"column":null}}},"3":{"name":"(anonymous_3)","decl":{"start":{"line":21,"column":20},"end":{"line":21,"column":null}},"loc":{"start":{"line":21,"column":20},"end":{"line":23,"column":null}}},"4":{"name":"(anonymous_5)","decl":{"start":{"line":53,"column":19},"end":{"line":53,"column":null}},"loc":{"start":{"line":53,"column":19},"end":{"line":63,"column":null}}},"5":{"name":"(anonymous_6)","decl":{"start":{"line":55,"column":23},"end":{"line":55,"column":24}},"loc":{"start":{"line":56,"column":16},"end":{"line":59,"column":null}}},"6":{"name":"(anonymous_7)","decl":{"start":{"line":56,"column":30},"end":{"line":56,"column":31}},"loc":{"start":{"line":57,"column":18},"end":{"line":59,"column":null}}}},"branchMap":{"0":{"loc":{"start":{"line":39,"column":14},"end":{"line":43,"column":15}},"type":"cond-expr","locations":[{"start":{"line":39,"column":14},"end":{"line":43,"column":15}}]},"1":{"loc":{"start":{"line":54,"column":12},"end":{"line":62,"column":null}},"type":"if","locations":[{"start":{"line":54,"column":12},"end":{"line":62,"column":null}},{"start":{},"end":{}}]},"2":{"loc":{"start":{"line":57,"column":18},"end":{"line":59,"column":null}},"type":"cond-expr","locations":[{"start":{"line":58,"column":22},"end":{"line":58,"column":null}},{"start":{"line":59,"column":22},"end":{"line":59,"column":null}}]}},"s":{"0":8,"1":7,"2":7,"3":2,"4":2,"5":2,"6":7,"7":1,"8":3,"9":3,"10":3,"11":5},"f":{"0":8,"1":2,"2":2,"3":1,"4":3,"5":3,"6":5},"b":{"0":[8],"1":[3,0],"2":[5,0]}}
,"/Users/malle_skola/Desktop/testning-main/src/components/CountButton.tsx": {"path":"/Users/malle_skola/Desktop/testning-main/src/components/CountButton.tsx","statementMap":{"0":{"start":{"line":6,"column":31},"end":{"line":18,"column":null}}},"fnMap":{"0":{"name":"(anonymous_0)","decl":{"start":{"line":6,"column":31},"end":{"line":6,"column":32}},"loc":{"start":{"line":6,"column":43},"end":{"line":18,"column":null}}}},"branchMap":{},"s":{"0":2},"f":{"0":8},"b":{}}
,"/Users/malle_skola/Desktop/testning-main/src/components/EndButton.tsx": {"path":"/Users/malle_skola/Desktop/testning-main/src/components/EndButton.tsx","statementMap":{"0":{"start":{"line":7,"column":29},"end":{"line":17,"column":null}}},"fnMap":{"0":{"name":"(anonymous_0)","decl":{"start":{"line":7,"column":29},"end":{"line":7,"column":30}},"loc":{"start":{"line":7,"column":39},"end":{"line":17,"column":null}}}},"branchMap":{},"s":{"0":2},"f":{"0":8},"b":{}}
,"/Users/malle_skola/Desktop/testning-main/src/components/TodoForm.tsx": {"path":"/Users/malle_skola/Desktop/testning-main/src/components/TodoForm.tsx","statementMap":{"0":{"start":{"line":8,"column":26},"end":{"line":8,"column":null}},"1":{"start":{"line":10,"column":23},"end":{"line":14,"column":null}},"2":{"start":{"line":11,"column":4},"end":{"line":11,"column":null}},"3":{"start":{"line":12,"column":4},"end":{"line":12,"column":null}},"4":{"start":{"line":13,"column":4},"end":{"line":13,"column":null}},"5":{"start":{"line":26,"column":27},"end":{"line":26,"column":null}}},"fnMap":{"0":{"name":"TodoForm","decl":{"start":{"line":7,"column":24},"end":{"line":7,"column":33}},"loc":{"start":{"line":7,"column":45},"end":{"line":38,"column":null}}},"1":{"name":"(anonymous_1)","decl":{"start":{"line":10,"column":23},"end":{"line":10,"column":24}},"loc":{"start":{"line":10,"column":24},"end":{"line":14,"column":null}}},"2":{"name":"(anonymous_2)","decl":{"start":{"line":26,"column":20},"end":{"line":26,"column":21}},"loc":{"start":{"line":26,"column":27},"end":{"line":26,"column":null}}}},"branchMap":{},"s":{"0":10,"1":10,"2":2,"3":2,"4":2,"5":2},"f":{"0":10,"1":2,"2":2},"b":{}}
}
